<?xml version="1.0" encoding="UTF-8"?>
<robot generator="Robot 7.0.1 (Python 3.12.4 on win32)" generated="2024-09-25T04:05:35.351162" rpa="false" schemaversion="5">
<suite id="s1" name="TC8-Editearticle" source="D:\tech-vibe\src\__test__\tests\TC8-Editearticle.robot">
<test id="s1-t1" name="TC8008 Edit Article Successfully" line="11">
<kw name="Open WebSite" owner="keywords">
<kw name="Open Browser" owner="SeleniumLibrary">
<msg time="2024-09-25T04:05:35.641216" level="INFO">Opening browser 'Chrome' to base url 'http://localhost:3000'.</msg>
<arg>${URL}</arg>
<arg>${BROWSER}</arg>
<doc>Opens a new browser instance to the optional ``url``.</doc>
<status status="PASS" start="2024-09-25T04:05:35.640702" elapsed="5.530419"/>
</kw>
<kw name="Maximize Browser Window" owner="SeleniumLibrary">
<doc>Maximizes current browser window.</doc>
<status status="PASS" start="2024-09-25T04:05:41.172119" elapsed="1.101942"/>
</kw>
<doc>Open the specified website and maximize the browser window.</doc>
<status status="PASS" start="2024-09-25T04:05:35.639565" elapsed="6.634496"/>
</kw>
<kw name="Login to Blog Site" owner="keywords">
<kw name="Click Element" owner="SeleniumLibrary">
<msg time="2024-09-25T04:05:42.276391" level="INFO">Clicking element 'id=btn-login'.</msg>
<arg>id=btn-login</arg>
<doc>Click the element identified by ``locator``.</doc>
<status status="PASS" start="2024-09-25T04:05:42.275043" elapsed="0.213292"/>
</kw>
<kw name="Wait Until Page Contains Element" owner="SeleniumLibrary">
<arg>xpath=/html/body/div[2]/div/div/h1</arg>
<doc>Waits until the element ``locator`` appears on the current page.</doc>
<status status="PASS" start="2024-09-25T04:05:42.488335" elapsed="2.433260"/>
</kw>
<kw name="Click Element" owner="SeleniumLibrary">
<msg time="2024-09-25T04:05:44.922647" level="INFO">Clicking element 'xpath=/html/body/div[2]/div/div/div/button[1]'.</msg>
<arg>xpath=/html/body/div[2]/div/div/div/button[1]</arg>
<doc>Click the element identified by ``locator``.</doc>
<status status="PASS" start="2024-09-25T04:05:44.922647" elapsed="1.621669"/>
</kw>
<kw name="Wait Until Page Contains Element" owner="SeleniumLibrary">
<arg>xpath=//*[@id="identifierId"]</arg>
<doc>Waits until the element ``locator`` appears on the current page.</doc>
<status status="PASS" start="2024-09-25T04:05:46.545317" elapsed="0.014742"/>
</kw>
<kw name="Input Text" owner="SeleniumLibrary">
<msg time="2024-09-25T04:05:46.560059" level="INFO">Typing text '644259044@webmail.npru.ac.th' into text field 'xpath=//*[@id="identifierId"]'.</msg>
<arg>xpath=//*[@id="identifierId"]</arg>
<arg>${GOOGLE_USERNAME}</arg>
<doc>Types the given ``text`` into the text field identified by ``locator``.</doc>
<status status="PASS" start="2024-09-25T04:05:46.560059" elapsed="0.285707"/>
</kw>
<kw name="Click Element" owner="SeleniumLibrary">
<msg time="2024-09-25T04:05:46.846758" level="INFO">Clicking element 'xpath=//*[@id="identifierNext"]/div/button'.</msg>
<arg>xpath=//*[@id="identifierNext"]/div/button</arg>
<doc>Click the element identified by ``locator``.</doc>
<status status="PASS" start="2024-09-25T04:05:46.846758" elapsed="0.216435"/>
</kw>
<kw name="Wait Until Element Is Visible" owner="SeleniumLibrary">
<arg>xpath=//*[@id="password"]/div[1]/div/div[1]/input</arg>
<doc>Waits until the element ``locator`` is visible.</doc>
<status status="PASS" start="2024-09-25T04:05:47.063193" elapsed="2.777838"/>
</kw>
<kw name="Input Text" owner="SeleniumLibrary">
<msg time="2024-09-25T04:05:49.842360" level="INFO">Typing text '1739902024001' into text field 'xpath=//*[@id="password"]/div[1]/div/div[1]/input'.</msg>
<arg>xpath=//*[@id="password"]/div[1]/div/div[1]/input</arg>
<arg>${GOOGLE_PASSWORD}</arg>
<doc>Types the given ``text`` into the text field identified by ``locator``.</doc>
<status status="PASS" start="2024-09-25T04:05:49.841031" elapsed="0.248640"/>
</kw>
<kw name="Click Element" owner="SeleniumLibrary">
<msg time="2024-09-25T04:05:50.089671" level="INFO">Clicking element 'xpath=//*[@id="passwordNext"]/div/button'.</msg>
<arg>xpath=//*[@id="passwordNext"]/div/button</arg>
<doc>Click the element identified by ``locator``.</doc>
<status status="PASS" start="2024-09-25T04:05:50.089671" elapsed="0.219908"/>
</kw>
<kw name="Wait Until Page Contains Element" owner="SeleniumLibrary">
<arg>xpath=//*[@id="yDmH0d"]/c-wiz/div/div[3]/div/div/div[2]/div/div/button</arg>
<doc>Waits until the element ``locator`` appears on the current page.</doc>
<status status="PASS" start="2024-09-25T04:05:50.309579" elapsed="3.852885"/>
</kw>
<kw name="Click Button" owner="SeleniumLibrary">
<msg time="2024-09-25T04:05:54.163959" level="INFO">Clicking button 'xpath=//*[@id="yDmH0d"]/c-wiz/div/div[3]/div/div/div[2]/div/div/button'.</msg>
<arg>xpath=//*[@id="yDmH0d"]/c-wiz/div/div[3]/div/div/div[2]/div/div/button</arg>
<doc>Clicks the button identified by ``locator``.</doc>
<status status="PASS" start="2024-09-25T04:05:54.162464" elapsed="6.567954"/>
</kw>
<kw name="Wait Until Page Contains Element" owner="SeleniumLibrary">
<arg>xpath=/html/body/div[1]/div[2]/div/div[1]/div[1]/div[2]/div[1]/button</arg>
<doc>Waits until the element ``locator`` appears on the current page.</doc>
<status status="PASS" start="2024-09-25T04:06:00.730418" elapsed="0.043095"/>
</kw>
<kw name="Sleep" owner="BuiltIn">
<msg time="2024-09-25T04:06:05.775318" level="INFO">Slept 5 seconds.</msg>
<arg>5</arg>
<doc>Pauses the test executed for the given time.</doc>
<status status="PASS" start="2024-09-25T04:06:00.773513" elapsed="5.001805"/>
</kw>
<doc>Log in to the blog site using Google credentials.</doc>
<status status="PASS" start="2024-09-25T04:05:42.275043" elapsed="23.500275"/>
</kw>
<kw name="Go To Proflie" owner="keywords">
<kw name="Click Element" owner="SeleniumLibrary">
<msg time="2024-09-25T04:06:05.777499" level="INFO">Clicking element 'id=icon-user-profile'.</msg>
<arg>id=icon-user-profile</arg>
<doc>Click the element identified by ``locator``.</doc>
<status status="PASS" start="2024-09-25T04:06:05.776471" elapsed="0.068485"/>
</kw>
<kw name="Wait Until Page Contains Element" owner="SeleniumLibrary">
<arg>id=profile</arg>
<doc>Waits until the element ``locator`` appears on the current page.</doc>
<status status="PASS" start="2024-09-25T04:06:05.845954" elapsed="0.016564"/>
</kw>
<kw name="Click Element" owner="SeleniumLibrary">
<msg time="2024-09-25T04:06:05.863521" level="INFO">Clicking element 'id=profile'.</msg>
<arg>id=profile</arg>
<doc>Click the element identified by ``locator``.</doc>
<status status="PASS" start="2024-09-25T04:06:05.863521" elapsed="0.069721"/>
</kw>
<kw name="Sleep" owner="BuiltIn">
<msg time="2024-09-25T04:06:07.933698" level="INFO">Slept 2 seconds.</msg>
<arg>2</arg>
<doc>Pauses the test executed for the given time.</doc>
<status status="PASS" start="2024-09-25T04:06:05.933242" elapsed="2.000456"/>
</kw>
<doc>Navigate to the user profile page.</doc>
<status status="PASS" start="2024-09-25T04:06:05.776471" elapsed="2.157227"/>
</kw>
<kw name="Go To Blog Post" owner="keywords">
<kw name="Wait Until Page Contains Element" owner="SeleniumLibrary">
<arg>id=title-article</arg>
<doc>Waits until the element ``locator`` appears on the current page.</doc>
<status status="PASS" start="2024-09-25T04:06:07.934233" elapsed="0.036253"/>
</kw>
<kw name="Sleep" owner="BuiltIn">
<msg time="2024-09-25T04:06:15.971899" level="INFO">Slept 8 seconds.</msg>
<arg>8</arg>
<doc>Pauses the test executed for the given time.</doc>
<status status="PASS" start="2024-09-25T04:06:07.971487" elapsed="8.000412"/>
</kw>
<kw name="Click Element" owner="SeleniumLibrary">
<msg time="2024-09-25T04:06:15.972451" level="INFO">Clicking element 'id=title-article'.</msg>
<arg>id=title-article</arg>
<doc>Click the element identified by ``locator``.</doc>
<status status="PASS" start="2024-09-25T04:06:15.972451" elapsed="0.066509"/>
</kw>
<kw name="Sleep" owner="BuiltIn">
<msg time="2024-09-25T04:06:24.040323" level="INFO">Slept 8 seconds.</msg>
<arg>8</arg>
<doc>Pauses the test executed for the given time.</doc>
<status status="PASS" start="2024-09-25T04:06:16.039971" elapsed="8.000352"/>
</kw>
<status status="PASS" start="2024-09-25T04:06:07.934233" elapsed="16.106090"/>
</kw>
<kw name="Edit Blog Post" owner="keywords">
<kw name="Wait Until Page Contains Element" owner="SeleniumLibrary">
<msg time="2024-09-25T04:06:33.165204" level="INFO" html="true">&lt;/td&gt;&lt;/tr&gt;&lt;tr&gt;&lt;td colspan="3"&gt;&lt;a href="selenium-screenshot-11.png"&gt;&lt;img src="selenium-screenshot-11.png" width="800px"&gt;&lt;/a&gt;</msg>
<msg time="2024-09-25T04:06:33.166206" level="FAIL">Element 'id=edit-article' did not appear in 5 seconds.</msg>
<arg>id=edit-article</arg>
<doc>Waits until the element ``locator`` appears on the current page.</doc>
<status status="FAIL" start="2024-09-25T04:06:24.041700" elapsed="9.127887">Element 'id=edit-article' did not appear in 5 seconds.</status>
</kw>
<kw name="Click Element" owner="SeleniumLibrary">
<arg>id=edit-article</arg>
<doc>Click the element identified by ``locator``.</doc>
<status status="NOT RUN" start="2024-09-25T04:06:33.169587" elapsed="0.000000"/>
</kw>
<kw name="Sleep" owner="BuiltIn">
<arg>15</arg>
<doc>Pauses the test executed for the given time.</doc>
<status status="NOT RUN" start="2024-09-25T04:06:33.169587" elapsed="0.000000"/>
</kw>
<kw name="Wait Until Page Contains Element" owner="SeleniumLibrary">
<arg>id=input-title</arg>
<doc>Waits until the element ``locator`` appears on the current page.</doc>
<status status="NOT RUN" start="2024-09-25T04:06:33.169587" elapsed="0.000000"/>
</kw>
<kw name="Clear Element Text" owner="SeleniumLibrary">
<arg>id=input-title</arg>
<doc>Clears the value of the text-input-element identified by ``locator``.</doc>
<status status="NOT RUN" start="2024-09-25T04:06:33.170862" elapsed="0.000000"/>
</kw>
<kw name="Input Text" owner="SeleniumLibrary">
<arg>id=input-title</arg>
<arg>${BLOG_TITLE_EDTE}</arg>
<doc>Types the given ``text`` into the text field identified by ``locator``.</doc>
<status status="NOT RUN" start="2024-09-25T04:06:33.170862" elapsed="0.000000"/>
</kw>
<kw name="Sleep" owner="BuiltIn">
<arg>15</arg>
<doc>Pauses the test executed for the given time.</doc>
<status status="NOT RUN" start="2024-09-25T04:06:33.170862" elapsed="0.000000"/>
</kw>
<kw name="Click Button" owner="SeleniumLibrary">
<arg>id=btn-publish</arg>
<doc>Clicks the button identified by ``locator``.</doc>
<status status="NOT RUN" start="2024-09-25T04:06:33.170862" elapsed="0.000000"/>
</kw>
<kw name="Sleep" owner="BuiltIn">
<arg>2</arg>
<doc>Pauses the test executed for the given time.</doc>
<status status="NOT RUN" start="2024-09-25T04:06:33.170862" elapsed="0.000000"/>
</kw>
<status status="FAIL" start="2024-09-25T04:06:24.041700" elapsed="9.129162">Element 'id=edit-article' did not appear in 5 seconds.</status>
</kw>
<kw name="Check alert post publish">
<status status="NOT RUN" start="2024-09-25T04:06:33.171873" elapsed="0.000000"/>
</kw>
<kw name="Capture Page Screenshot" owner="SeleniumLibrary">
<arg>screenshots/Editarticle/TC8008.png</arg>
<doc>Takes a screenshot of the current page and embeds it into a log file.</doc>
<status status="NOT RUN" start="2024-09-25T04:06:33.171873" elapsed="0.000000"/>
</kw>
<doc>This test case verifies that a user can successfully edit and save changes to an article.</doc>
<status status="FAIL" start="2024-09-25T04:05:35.638479" elapsed="57.534400">Element 'id=edit-article' did not appear in 5 seconds.</status>
</test>
<test id="s1-t2" name="TC8009 Edit Article Failed Due to Incomplete Title" line="21">
<kw name="Open WebSite" owner="keywords">
<kw name="Open Browser" owner="SeleniumLibrary">
<msg time="2024-09-25T04:06:33.174906" level="INFO">Opening browser 'Chrome' to base url 'http://localhost:3000'.</msg>
<arg>${URL}</arg>
<arg>${BROWSER}</arg>
<doc>Opens a new browser instance to the optional ``url``.</doc>
<status status="PASS" start="2024-09-25T04:06:33.174906" elapsed="3.218114"/>
</kw>
<kw name="Maximize Browser Window" owner="SeleniumLibrary">
<msg time="2024-09-25T04:06:36.398212" level="WARN">Keyword 'Capture Page Screenshot' could not be run on failure: Message: no such window: target window already closed
from unknown error: web view not found
  (Session info: chrome=129.0.6668.59)
Stacktrace:
	GetHandleVerifier [0x00007FF62C09B125+29573]
	(No symbol) [0x00007FF62C00FF50]
	(No symbol) [0x00007FF62BECB6EA]
	(No symbol) [0x00007FF62BE9FCD5]
	(No symbol) [0x00007FF62BF4EF67]
	(No symbol) [0x00007FF62BF67FC1]
	(No symbol) [0x00007FF62BF470A3]
	(No symbol) [0x00007FF62BF112DF]
	(No symbol) [0x00007FF62BF12441]
	GetHandleVerifier [0x00007FF62C3CC76D+3377613]
	GetHandleVerifier [0x00007FF62C417B67+3685831]
	GetHandleVerifier [0x00007FF62C40CF8B+3641835]
	GetHandleVerifier [0x00007FF62C15B2A6+816390]
	(No symbol) [0x00007FF62C01B25F]
	(No symbol) [0x00007FF62C017084]
	(No symbol) [0x00007FF62C017220]
	(No symbol) [0x00007FF62C00607F]
	BaseThreadInitThunk [0x00007FF891F7257D+29]
	RtlUserThreadStart [0x00007FF8933EAF28+40]
</msg>
<msg time="2024-09-25T04:06:36.402791" level="FAIL">NoSuchWindowException: Message: no such window: target window already closed
from unknown error: web view not found
  (Session info: chrome=129.0.6668.59)
Stacktrace:
	GetHandleVerifier [0x00007FF62C09B125+29573]
	(No symbol) [0x00007FF62C00FF50]
	(No symbol) [0x00007FF62BECB6EA]
	(No symbol) [0x00007FF62BE9FCD5]
	(No symbol) [0x00007FF62BF4EF67]
	(No symbol) [0x00007FF62BF67FC1]
	(No symbol) [0x00007FF62BF470A3]
	(No symbol) [0x00007FF62BF112DF]
	(No symbol) [0x00007FF62BF12441]
	GetHandleVerifier [0x00007FF62C3CC76D+3377613]
	GetHandleVerifier [0x00007FF62C417B67+3685831]
	GetHandleVerifier [0x00007FF62C40CF8B+3641835]
	GetHandleVerifier [0x00007FF62C15B2A6+816390]
	(No symbol) [0x00007FF62C01B25F]
	(No symbol) [0x00007FF62C017084]
	(No symbol) [0x00007FF62C017220]
	(No symbol) [0x00007FF62C00607F]
	BaseThreadInitThunk [0x00007FF891F7257D+29]
	RtlUserThreadStart [0x00007FF8933EAF28+40]
</msg>
<doc>Maximizes current browser window.</doc>
<status status="FAIL" start="2024-09-25T04:06:36.393020" elapsed="0.037715">NoSuchWindowException: Message: no such window: target window already closed
from unknown error: web view not found
  (Session info: chrome=129.0.6668.59)
Stacktrace:
	GetHandleVerifier [0x00007FF62C09B125+29573]
	(No symbol) [0x00007FF62C00FF50]
	(No symbol) [0x00007FF62BECB6EA]
	(No symbol) [0x00007FF62BE9FCD5]
	(No symbol) [0x00007FF62BF4EF67]
	(No symbol) [0x00007FF62BF67FC1]
	(No symbol) [0x00007FF62BF470A3]
	(No symbol) [0x00007FF62BF112DF]
	(No symbol) [0x00007FF62BF12441]
	GetHandleVerifier [0x00007FF62C3CC76D+3377613]
	GetHandleVerifier [0x00007FF62C417B67+3685831]
	GetHandleVerifier [0x00007FF62C40CF8B+3641835]
	GetHandleVerifier [0x00007FF62C15B2A6+816390]
	(No symbol) [0x00007FF62C01B25F]
	(No symbol) [0x00007FF62C017084]
	(No symbol) [0x00007FF62C017220]
	(No symbol) [0x00007FF62C00607F]
	BaseThreadInitThunk [0x00007FF891F7257D+29]
	RtlUserThreadStart [0x00007FF8933EAF28+40]
</status>
</kw>
<doc>Open the specified website and maximize the browser window.</doc>
<status status="FAIL" start="2024-09-25T04:06:33.174906" elapsed="3.256828">NoSuchWindowException: Message: no such window: target window already closed
from unknown error: web view not found
  (Session info: chrome=129.0.6668.59)
Stacktrace:
	GetHandleVerifier [0x00007FF62C09B125+29573]
	(No symbol) [0x00007FF62C00FF50]
	(No symbol) [0x00007FF62BECB6EA]
	(No symbol) [0x00007FF62BE9FCD5]
	(No symbol) [0x00007FF62BF4EF67]
	(No symbol) [0x00007FF62BF67FC1]
	(No symbol) [0x00007FF62BF470A3]
	(No symbol) [0x00007FF62BF112DF]
	(No symbol) [0x00007FF62BF12441]
	GetHandleVerifier [0x00007FF62C3CC76D+3377613]
	GetHandleVerifier [0x00007FF62C417B67+3685831]
	GetHandleVerifier [0x00007FF62C40CF8B+3641835]
	GetHandleVerifier [0x00007FF62C15B2A6+816390]
	(No symbol) [0x00007FF62C01B25F]
	(No symbol) [0x00007FF62C017084]
	(No symbol) [0x00007FF62C017220]
	(No symbol) [0x00007FF62C00607F]
	BaseThreadInitThunk [0x00007FF891F7257D+29]
	RtlUserThreadStart [0x00007FF8933EAF28+40]
</status>
</kw>
<kw name="Login to Blog Site" owner="keywords">
<doc>Log in to the blog site using Google credentials.</doc>
<status status="NOT RUN" start="2024-09-25T04:06:36.432733" elapsed="0.000000"/>
</kw>
<kw name="Go To Proflie" owner="keywords">
<doc>Navigate to the user profile page.</doc>
<status status="NOT RUN" start="2024-09-25T04:06:36.433734" elapsed="0.000000"/>
</kw>
<kw name="Go To Blog Post" owner="keywords">
<status status="NOT RUN" start="2024-09-25T04:06:36.433734" elapsed="0.000000"/>
</kw>
<kw name="Failed to edit blog post" owner="keywords">
<status status="NOT RUN" start="2024-09-25T04:06:36.434733" elapsed="0.000000"/>
</kw>
<kw name="Check alert fails publish">
<status status="NOT RUN" start="2024-09-25T04:06:36.434733" elapsed="0.000000"/>
</kw>
<kw name="Capture Page Screenshot" owner="SeleniumLibrary">
<arg>screenshots/Editarticle/TC8009.png</arg>
<doc>Takes a screenshot of the current page and embeds it into a log file.</doc>
<status status="NOT RUN" start="2024-09-25T04:06:36.435733" elapsed="0.000000"/>
</kw>
<doc>This test case verifies that an article cannot be edited and saved if the title is incomplete or missing.</doc>
<status status="FAIL" start="2024-09-25T04:06:33.173889" elapsed="3.262844">NoSuchWindowException: Message: no such window: target window already closed
from unknown error: web view not found
  (Session info: chrome=129.0.6668.59)
Stacktrace:
	GetHandleVerifier [0x00007FF62C09B125+29573]
	(No symbol) [0x00007FF62C00FF50]
	(No symbol) [0x00007FF62BECB6EA]
	(No symbol) [0x00007FF62BE9FCD5]
	(No symbol) [0x00007FF62BF4EF67]
	(No symbol) [0x00007FF62BF67FC1]
	(No symbol) [0x00007FF62BF470A3]
	(No symbol) [0x00007FF62BF112DF]
	(No symbol) [0x00007FF62BF12441]
	GetHandleVerifier [0x00007FF62C3CC76D+3377613]
	GetHandleVerifier [0x00007FF62C417B67+3685831]
	GetHandleVerifier [0x00007FF62C40CF8B+3641835]
	GetHandleVerifier [0x00007FF62C15B2A6+816390]
	(No symbol) [0x00007FF62C01B25F]
	(No symbol) [0x00007FF62C017084]
	(No symbol) [0x00007FF62C017220]
	(No symbol) [0x00007FF62C00607F]
	BaseThreadInitThunk [0x00007FF891F7257D+29]
	RtlUserThreadStart [0x00007FF8933EAF28+40]
</status>
</test>
<status status="FAIL" start="2024-09-25T04:05:35.353089" elapsed="61.088644"/>
</suite>
<statistics>
<total>
<stat pass="0" fail="2" skip="0">All Tests</stat>
</total>
<tag>
</tag>
<suite>
<stat pass="0" fail="2" skip="0" id="s1" name="TC8-Editearticle">TC8-Editearticle</stat>
</suite>
</statistics>
<errors>
<msg time="2024-09-25T04:06:36.398212" level="WARN">Keyword 'Capture Page Screenshot' could not be run on failure: Message: no such window: target window already closed
from unknown error: web view not found
  (Session info: chrome=129.0.6668.59)
Stacktrace:
	GetHandleVerifier [0x00007FF62C09B125+29573]
	(No symbol) [0x00007FF62C00FF50]
	(No symbol) [0x00007FF62BECB6EA]
	(No symbol) [0x00007FF62BE9FCD5]
	(No symbol) [0x00007FF62BF4EF67]
	(No symbol) [0x00007FF62BF67FC1]
	(No symbol) [0x00007FF62BF470A3]
	(No symbol) [0x00007FF62BF112DF]
	(No symbol) [0x00007FF62BF12441]
	GetHandleVerifier [0x00007FF62C3CC76D+3377613]
	GetHandleVerifier [0x00007FF62C417B67+3685831]
	GetHandleVerifier [0x00007FF62C40CF8B+3641835]
	GetHandleVerifier [0x00007FF62C15B2A6+816390]
	(No symbol) [0x00007FF62C01B25F]
	(No symbol) [0x00007FF62C017084]
	(No symbol) [0x00007FF62C017220]
	(No symbol) [0x00007FF62C00607F]
	BaseThreadInitThunk [0x00007FF891F7257D+29]
	RtlUserThreadStart [0x00007FF8933EAF28+40]
</msg>
</errors>
</robot>
